2020/05/31 21:35:10:068  [HLSP2P] [INFO][0] logRedirect modify, old:0x0, new:0x10116c8b1, level:4
2020/05/31 21:35:10:068  [HLSP2P] MacDownloadManager version: 2.0.5
2020/05/31 21:35:10:068  [HLSP2P] native internal version: 1.2.0.17
2020/05/31 21:35:10:068  [HLSP2P] init download manager. cacheDir: /Users/lixiaoqian/Movies/MgtvVideos, dataDir: , pConfig: (null)
2020/05/31 21:35:10:068  [HLSP2P] [INFO][0] key: cache_dir, value: /Users/lixiaoqian/Movies/MgtvVideos/hls
2020/05/31 21:35:10:068  [HLSP2P] [INFO][0] video dir path: , new path: /Users/lixiaoqian/Movies/MgtvVideos/hls
2020/05/31 21:35:10:068  [HLSP2P] [INFO][0] CacheDir: /Users/lixiaoqian/Movies/MgtvVideos/hls, avaliableSize: 20456770, MaxCacheSize: 734003200
2020/05/31 21:35:10:068  [HLSP2P] [INFO][0] key: video_dir, value: /Users/lixiaoqian/Movies/MgtvVideos/hls
2020/05/31 21:35:10:068  [HLSP2P] [INFO][0] video dir path: , new path: /Users/lixiaoqian/Movies/MgtvVideos/hls
2020/05/31 21:35:10:068  [HLSP2P] [INFO][0] init vfs thread ok, path = /Users/lixiaoqian/Movies/MgtvVideos/hls
2020/05/31 21:35:10:068  [HLSP2P] [INFO][0] FunctionChecker(0), MGP2P_Init call
2020/05/31 21:35:10:068  [HLSP2P] [INFO][0] hls p2p version: 1.2.0.17
2020/05/31 21:35:10:069  [HLSP2P] [INFO][0] config: ""
2020/05/31 21:35:10:069  [HLSP2P] [INFO][0] server config cost time: 0
2020/05/31 21:35:10:069  [HLSP2P] [INFO][0] path: /Users/lixiaoqian/Movies/MgtvVideos/hls/.speedInfo.ini, strSpeed:  failed !!! errno: No such file or directory
2020/05/31 21:35:10:069  [HLSP2P] [INFO][0] hls p2p is init, udp local ip: 0.0.0.0, port: 1864, LastTaskAvgSpeed: 0
2020/05/31 21:35:10:069  [HLSP2P] [INFO][0] FunctionChecker(0), MGP2P_Init exit, elapse 1 ms
2020/05/31 21:35:10:069  [HLSP2P] [INFO][0] key: uuid, value: 1c947780118d4139a34aea5ce38eea6a
2020/05/31 21:35:10:069  [HLSP2P] [INFO][0] key: ticket, value: BR8TMPQBSD1IHEIMKR50
2020/05/31 21:35:10:069  [HLSP2P] [INFO][0] key: is_vip, value: 1
2020/05/31 21:35:10:069  [HLSP2P] [INFO][0] key: express_download: , value: 1
2020/05/31 21:35:10:069  [HLSP2P] [INFO][0] key: platform, value: 10
2020/05/31 21:35:10:069  [HLSP2P] [INFO][0] key: sver, value: 10.15.2
2020/05/31 21:35:10:069  [HLSP2P] [INFO][0] key: aver, value: 2020021801
2020/05/31 21:35:10:070  [HLSP2P] [INFO][0] key: mac, value: 4b071bdb-3b36-5238-9319-1d8f70baf381-mac
2020/05/31 21:35:10:070  [HLSP2P] [INFO][0] key: did, value: 4b071bdb-3b36-5238-9319-1d8f70baf381-mac
2020/05/31 21:35:10:070  [HLSP2P] [INFO][0] key: trial_time, value: 500
2020/05/31 21:35:10:070  [HLSP2P] [INFO][0] key: ua, value: imgotv-client/6.2.3
2020/05/31 21:35:10:070  [HLSP2P] [INFO][0] key: offline_limit_speed, value: 0
2020/05/31 21:35:10:070  [HLSP2P] [INFO][0] key: _support, value: 11111111
2020/05/31 21:35:10:070  [HLSP2P] [INFO][0] key: buffer, value: 0
2020/05/31 21:35:10:070  [HLSP2P] [INFO][0] key: guid, value: 900000000385826355
2020/05/31 21:35:10:072  [HLSP2P] [INFO][0] DnsThread start !!!
2020/05/31 21:35:10:073  [HLSP2P] [INFO][0] report thread run
2020/05/31 21:35:10:077  [HLSP2P] [INFO][0] dns failed !!! host = pcc.api.mgtv.com, elapse = 4 ms
2020/05/31 21:35:10:077  [HLSP2P] [INFO][0] http[888] dns return, requestID = 1, errCode = -1, ip = 255.255.255.255, elpase = 4 ms
2020/05/31 21:35:10:077  [HLSP2P] [ERROR][0] http[888] dns failed !!! elapse: 4 ms
2020/05/31 21:35:10:077  [HLSP2P] [INFO][0] http[888] close
2020/05/31 21:35:36:261  控制层事件回调：CBPEventSliderValueChanged
2020/05/31 21:35:36:358  控制层事件回调：CBPEventSliderValueChanged
2020/05/31 21:35:42:975  控制层事件回调：CBPEventFullScreen
2020/05/31 21:35:53:364  控制层事件回调：COPOtherVoice
2020/05/31 21:36:12:135  控制层事件回调：CBPEventSliderValueChanged
2020/05/31 21:36:12:254  控制层事件回调：CBPEventSliderValueChanged
2020/05/31 21:36:14:657  控制层事件回调：CBPEventSliderValueChanged
2020/05/31 21:36:14:783  控制层事件回调：CBPEventSliderValueChanged
2020/05/31 21:36:16:832  控制层事件回调：CBPEventSliderValueChanged
2020/05/31 21:36:16:953  控制层事件回调：CBPEventSliderValueChanged
2020/05/31 21:36:17:673  控制层事件回调：CBPEventSliderValueChanged
2020/05/31 21:36:17:826  控制层事件回调：CBPEventSliderValueChanged
2020/05/31 21:36:20:504  控制层事件回调：CBPEventSliderValueChanged
2020/05/31 21:36:20:648  控制层事件回调：CBPEventSliderValueChanged
2020/05/31 21:36:21:751  控制层事件回调：CBPEventSliderValueChanged
2020/05/31 21:36:21:863  控制层事件回调：CBPEventSliderValueChanged
2020/05/31 21:36:27:755  控制层事件回调：CBPEventSliderValueChanged
2020/05/31 21:36:27:891  控制层事件回调：CBPEventSliderValueChanged
2020/05/31 21:36:30:960  控制层事件回调：CBPEventSliderValueChanged
2020/05/31 21:36:31:153  控制层事件回调：CBPEventSliderValueChanged
2020/05/31 21:36:33:831  控制层事件回调：CBPEventSliderValueChanged
2020/05/31 21:36:33:976  控制层事件回调：CBPEventSliderValueChanged
2020/05/31 21:36:43:021  控制层事件回调：CBPEventSliderValueChanged
2020/05/31 21:36:43:190  控制层事件回调：CBPEventSliderValueChanged
2020/05/31 21:36:48:632  控制层事件回调：closeButtonClikcDown
2020/05/31 21:36:58:190  控制层事件回调：closeButtonClikcDown
2020/05/31 21:37:00:134  控制层事件回调：CBPEventSliderValueChanged
2020/05/31 21:37:00:253  控制层事件回调：CBPEventSliderValueChanged
2020/05/31 21:37:02:083  控制层事件回调：CBPEventSliderValueChanged
2020/05/31 21:37:02:194  控制层事件回调：CBPEventSliderValueChanged
2020/05/31 21:38:21:848  控制层事件回调：CBPEventSliderValueChanged
2020/05/31 21:38:22:028  控制层事件回调：CBPEventSliderValueChanged
2020/05/31 21:38:23:349  控制层事件回调：CBPEventSliderValueChanged
2020/05/31 21:38:23:534  控制层事件回调：CBPEventSliderValueChanged
2020/05/31 21:38:24:858  控制层事件回调：CBPEventSliderValueChanged
2020/05/31 21:38:25:019  控制层事件回调：CBPEventSliderValueChanged
2020/05/31 21:38:26:367  控制层事件回调：CBPEventSliderValueChanged
2020/05/31 21:38:26:553  控制层事件回调：CBPEventSliderValueChanged
2020/05/31 21:38:52:509  控制层事件回调：CBPEventSliderValueChanged
2020/05/31 21:38:52:603  控制层事件回调：CBPEventSliderValueChanged
2020/05/31 21:38:54:433  控制层事件回调：CBPEventSliderValueChanged
2020/05/31 21:38:54:560  控制层事件回调：CBPEventSliderValueChanged
2020/05/31 21:38:56:871  控制层事件回调：CBPEventSliderValueChanged
2020/05/31 21:38:57:015  控制层事件回调：CBPEventSliderValueChanged
2020/05/31 21:38:58:706  控制层事件回调：CBPEventSliderValueChanged
2020/05/31 21:38:58:859  控制层事件回调：CBPEventSliderValueChanged
2020/05/31 21:39:01:104  控制层事件回调：CBPEventSliderValueChanged
2020/05/31 21:39:01:192  控制层事件回调：CBPEventSliderValueChanged
2020/05/31 21:39:04:000  控制层事件回调：closeButtonClikcDown
2020/05/31 21:39:08:181  控制层事件回调：closeButtonClikcDown
2020/05/31 21:39:40:394  控制层事件回调：COPOtherVoice
2020/05/31 21:39:40:598  控制层事件回调：COPOtherVoice
2020/05/31 21:56:03:374  控制层事件回调：CBPEventPausePlay
2020/05/31 21:56:04:711  控制层事件回调：CBPEventSliderValueChanged
2020/05/31 21:56:04:806  控制层事件回调：CBPEventSliderValueChanged
2020/05/31 22:00:57:794  控制层事件回调：COPOtherVoice
2020/05/31 23:07:03:011  控制层事件回调：COPOtherVoice
2020/05/31 23:07:03:621  控制层事件回调：COPOtherVoice
2020/05/31 23:11:37:870  控制层事件回调：CBPEventSliderValueChanged
2020/05/31 23:11:37:982  控制层事件回调：CBPEventSliderValueChanged
2020/05/31 23:18:18:829  控制层事件回调：closeButtonClikcDown
2020/05/31 23:18:23:246  控制层事件回调：closeButtonClikcDown
2020/05/31 23:22:15:281  控制层事件回调：COPOtherVoice
2020/05/31 23:22:17:349  控制层事件回调：COPOtherVoice
2020/05/31 23:26:45:376  控制层事件回调：CBPEventSliderValueChanged
2020/05/31 23:26:45:579  控制层事件回调：CBPEventSliderValueChanged
2020/05/31 23:26:47:597  控制层事件回调：CBPEventResumePlay
2020/05/31 23:26:50:945  控制层事件回调：CBPEventPausePlay
2020/05/31 23:26:51:686  控制层事件回调：CBPEventResumePlay
2020/05/31 23:26:53:243  控制层事件回调：CBPEventSliderValueChanged
2020/05/31 23:26:53:371  控制层事件回调：CBPEventSliderValueChanged
2020/05/31 23:28:53:776  控制层事件回调：COPOtherVoice
2020/05/31 23:28:54:300  控制层事件回调：COPOtherVoice
2020/05/31 23:28:54:583  控制层事件回调：COPOtherVoice
2020/05/31 23:28:54:813  控制层事件回调：COPOtherVoice
2020/05/31 23:28:55:804  控制层事件回调：COPOtherVoice
2020/05/31 23:28:58:219  控制层事件回调：COPOtherVoice
2020/05/31 23:28:58:462  控制层事件回调：COPOtherVoice
2020/05/31 23:28:58:706  控制层事件回调：COPOtherVoice
2020/05/31 23:28:59:848  控制层事件回调：COPOtherVoice
2020/05/31 23:29:00:355  控制层事件回调：COPOtherVoice
2020/05/31 23:29:01:950  控制层事件回调：COPOtherVoice
2020/05/31 23:33:22:200  控制层事件回调：COPOtherVoice
2020/05/31 23:33:22:751  控制层事件回调：COPOtherVoice
2020/05/31 23:33:23:691  控制层事件回调：COPOtherVoice
2020/05/31 23:33:30:731  控制层事件回调：closeButtonClikcDown
2020/05/31 23:33:35:998  控制层事件回调：closeButtonClikcDown
2020/05/31 23:33:39:026  控制层事件回调：CBPEventSliderValueChanged
2020/05/31 23:33:39:235  控制层事件回调：CBPEventSliderValueChanged
2020/06/01 10:38:05:162  控制层事件回调：COPOtherVoice
2020/06/01 10:38:05:389  控制层事件回调：COPOtherVoice
2020/06/01 10:38:05:573  控制层事件回调：COPOtherVoice
2020/06/01 11:00:15:303  控制层事件回调：COPOtherVoice
2020/06/01 11:00:15:903  控制层事件回调：COPOtherVoice
2020/06/01 11:00:16:104  控制层事件回调：COPOtherVoice
2020/06/01 11:00:16:505  控制层事件回调：COPOtherVoice
2020/06/01 11:00:16:820  控制层事件回调：COPOtherVoice
2020/06/01 11:36:43:946  控制层事件回调：COPOtherVoice
2020/06/01 11:39:27:452  控制层事件回调：COPOtherVoice
2020/06/01 11:39:27:614  控制层事件回调：COPOtherVoice
2020/06/01 11:39:28:783  控制层事件回调：COPOtherVoice
2020/06/01 11:39:29:643  控制层事件回调：COPOtherVoice
2020/06/01 11:56:21:460  控制层事件回调：closeButtonClikcDown
2020/06/01 11:56:26:979  控制层事件回调：CBPEventSliderValueChanged
2020/06/01 11:56:27:077  控制层事件回调：CBPEventSliderValueChanged
2020/06/01 11:56:30:275  控制层事件回调：CBPEventSliderValueChanged
2020/06/01 11:56:30:363  控制层事件回调：CBPEventSliderValueChanged
2020/06/01 11:56:31:548  控制层事件回调：CBPEventSliderValueChanged
2020/06/01 11:56:31:634  控制层事件回调：CBPEventSliderValueChanged
2020/06/01 11:56:35:926  控制层事件回调：CBPEventSliderValueChanged
2020/06/01 11:56:36:014  控制层事件回调：CBPEventSliderValueChanged
2020/06/01 11:56:39:829  控制层事件回调：closeButtonClikcDown
2020/06/01 11:56:44:422  控制层事件回调：closeButtonClikcDown
2020/06/01 11:56:47:266  控制层事件回调：closeButtonClikcDown
2020/06/01 12:00:20:212  控制层事件回调：COPOtherCloseWindow
2020/06/01 12:00:41:791  控制层事件回调：COPOtherCloseWindow
2020/06/01 12:01:13:604  控制层事件回调：CBPEventFullScreen
2020/06/01 12:01:15:056  控制层事件回调：CBPEventSliderValueChanged
2020/06/01 12:01:15:135  控制层事件回调：CBPEventSliderValueChanged
2020/06/01 12:02:13:119  控制层事件回调：CBPEventPausePlay
2020/06/01 12:03:11:405  控制层事件回调：CBPEventFullScreen
2020/06/01 12:03:37:286  控制层事件回调：COPOtherCloseWindow
2020/06/01 12:03:57:662  控制层事件回调：CBPEventFullScreen
2020/06/01 12:18:08:037  控制层事件回调：COPOtherVoice
2020/06/01 12:18:08:256  控制层事件回调：COPOtherVoice
2020/06/01 12:18:08:576  控制层事件回调：COPOtherVoice
2020/06/01 12:18:08:782  控制层事件回调：COPOtherVoice
2020/06/01 12:18:09:182  控制层事件回调：COPOtherVoice
2020/06/01 12:18:15:551  控制层事件回调：COPOtherVoice
2020/06/01 12:18:16:980  控制层事件回调：COPOtherVoice
2020/06/01 12:20:57:360  控制层事件回调：CBPEventFullScreen
2020/06/01 12:43:20:992  控制层事件回调：COPOtherVoice
2020/06/01 13:00:01:190  控制层事件回调：COPOtherVoice
2020/06/01 13:00:01:641  控制层事件回调：COPOtherVoice
2020/06/01 13:05:20:165  控制层事件回调：COPOtherVoice
2020/06/01 13:05:20:211  控制层事件回调：COPOtherVoice
2020/06/01 13:05:20:309  控制层事件回调：COPOtherVoice
2020/06/01 13:05:23:540  控制层事件回调：CBPEventPausePlay
2020/06/01 16:24:47:620  控制层事件回调：COPOtherCloseWindow
2020/06/01 16:26:55:590  控制层事件回调：COPOtherVoice
2020/06/01 16:26:55:857  控制层事件回调：COPOtherVoice
2020/06/01 16:26:56:094  控制层事件回调：COPOtherVoice
2020/06/01 16:26:56:935  控制层事件回调：COPOtherVoice
2020/06/01 16:26:57:690  控制层事件回调：COPOtherVoice
2020/06/01 16:27:00:063  控制层事件回调：CBPEventFullScreen
2020/06/01 16:27:09:538  控制层事件回调：COPOtherVoice
2020/06/01 16:27:09:770  控制层事件回调：COPOtherVoice
2020/06/01 16:27:11:168  控制层事件回调：COPOtherVoice
2020/06/01 16:27:11:823  控制层事件回调：COPOtherVoice
2020/06/01 16:27:13:242  控制层事件回调：COPOtherVoice
2020/06/01 16:27:14:137  控制层事件回调：COPOtherVoice
2020/06/01 16:27:14:824  控制层事件回调：COPOtherVoice
2020/06/01 16:27:18:389  控制层事件回调：COPOtherVoice
2020/06/01 16:51:21:667  控制层事件回调：CBPEventFullScreen
2020/06/01 17:13:21:186  控制层事件回调：COPOtherCloseWindow
2020/06/01 17:14:17:944  控制层事件回调：CBPEventFullScreen
2020/06/01 17:15:00:766  控制层事件回调：COPOtherCloseWindow
2020/06/01 17:16:22:277  控制层事件回调：COPOtherCloseWindow
2020/06/01 17:16:32:204  控制层事件回调：CBPEventFullScreen
2020/06/01 17:16:45:358  控制层事件回调：COPOtherCloseWindow
2020/06/01 17:17:16:492  控制层事件回调：COPOtherCloseWindow
2020/06/01 17:17:41:038  控制层事件回调：COPOtherCloseWindow
2020/06/01 17:17:58:290  控制层事件回调：COPOtherCloseWindow
2020/06/01 17:18:38:816  控制层事件回调：CBPEventFullScreen
2020/06/01 17:32:51:227  控制层事件回调：COPOtherCloseWindow
2020/06/01 17:33:20:866  控制层事件回调：CBPEventFullScreen
2020/06/01 19:56:18:133  控制层事件回调：COPOtherCloseWindow
2020/06/01 21:34:01:493  控制层事件回调：CBPEventFullScreen
2020/06/01 21:47:41:651  控制层事件回调：COPOtherVoice
2020/06/01 21:47:42:169  控制层事件回调：COPOtherVoice
2020/06/01 22:14:15:420  控制层事件回调：CBPEventFullScreen
2020/06/01 22:33:13:420  控制层事件回调：COPOtherVoice
2020/06/01 22:33:13:670  控制层事件回调：COPOtherVoice
2020/06/01 22:33:14:310  控制层事件回调：COPOtherVoice
2020/06/01 22:39:30:263  控制层事件回调：COPOtherVoice
2020/06/01 22:50:42:520  控制层事件回调：COPOtherVoice
2020/06/01 22:50:44:830  控制层事件回调：COPOtherVoice
2020/06/01 23:02:19:519  控制层事件回调：CBPEventPausePlay
2020/06/01 23:02:20:408  控制层事件回调：CBPEventResumePlay
2020/06/01 23:04:03:040  控制层事件回调：COPOtherVoice
2020/06/01 23:04:03:526  控制层事件回调：COPOtherVoice
2020/06/01 23:04:24:466  控制层事件回调：CBPEventPausePlay
2020/06/01 23:04:24:837  控制层事件回调：COPOtherCloseWindow
2020/06/02 11:48:53:561  控制层事件回调：COPOtherCloseWindow
2020/06/02 11:49:25:533  控制层事件回调：CBPEventFullScreen
2020/06/02 11:49:27:005  控制层事件回调：COPOtherVoice
2020/06/02 11:49:27:509  控制层事件回调：COPOtherVoice
2020/06/02 11:49:28:090  控制层事件回调：COPOtherVoice
2020/06/02 11:49:29:694  控制层事件回调：COPOtherVoice
2020/06/02 11:49:55:418  控制层事件回调：CBPEventBarrageStop
2020/06/02 12:05:03:817  控制层事件回调：CBPEventBarrageStart
2020/06/02 12:05:27:030  控制层事件回调：CBPEventBarrageStop
2020/06/02 14:31:53:501  控制层事件回调：COPOtherVoice
2020/06/02 14:32:06:812  控制层事件回调：COPOtherVoice
2020/06/02 14:32:06:976  控制层事件回调：COPOtherVoice
2020/06/02 14:44:57:313  控制层事件回调：COPOtherVoice
2020/06/02 14:44:57:490  控制层事件回调：COPOtherVoice
2020/06/02 14:46:07:856  控制层事件回调：COPOtherVoice
2020/06/02 14:46:08:054  控制层事件回调：COPOtherVoice
2020/06/02 14:46:08:247  控制层事件回调：COPOtherVoice
2020/06/02 14:51:43:817  控制层事件回调：closeButtonClikcDown
2020/06/02 14:52:00:082  控制层事件回调：closeButtonClikcDown
2020/06/02 14:58:56:255  控制层事件回调：CBPEventBarrageStart
2020/06/02 14:59:12:595  控制层事件回调：CBPEventBarrageStop
2020/06/02 15:05:37:320  控制层事件回调：CBPEventBarrageStart
2020/06/02 15:08:35:798  控制层事件回调：CBPEventBarrageStop
2020/06/02 15:16:24:562  控制层事件回调：CBPEventBarrageStart
2020/06/02 15:16:35:303  控制层事件回调：CBPEventBarrageStop
2020/06/02 15:32:03:203  控制层事件回调：CBPEventSliderValueChanged
2020/06/02 15:32:03:299  控制层事件回调：CBPEventSliderValueChanged
2020/06/02 15:32:04:093  控制层事件回调：CBPEventSliderValueChanged
2020/06/02 15:32:04:220  控制层事件回调：CBPEventSliderValueChanged
2020/06/02 15:32:05:006  控制层事件回调：CBPEventSliderValueChanged
2020/06/02 15:32:05:134  控制层事件回调：CBPEventSliderValueChanged
2020/06/02 15:32:06:930  控制层事件回调：CBPEventSliderValueChanged
2020/06/02 15:32:07:050  控制层事件回调：CBPEventSliderValueChanged
2020/06/02 15:32:19:600  控制层事件回调：CBPEventSliderValueChanged
2020/06/02 15:32:19:735  控制层事件回调：CBPEventSliderValueChanged
2020/06/02 15:32:20:847  控制层事件回调：CBPEventSliderValueChanged
2020/06/02 15:32:20:942  控制层事件回调：CBPEventSliderValueChanged
2020/06/02 15:43:33:775  控制层事件回调：CBPEventBarrageStart
2020/06/02 15:44:54:791  控制层事件回调：CBPEventFullScreen
2020/06/02 15:47:30:322  控制层事件回调：CBPEventBarrageStop
2020/06/02 16:04:04:431  控制层事件回调：CBPEventBarrageStart
2020/06/02 16:13:41:814  控制层事件回调：CBPEventBarrageStop
2020/06/02 16:23:55:050  控制层事件回调：closeButtonClikcDown
2020/06/02 16:23:59:795  控制层事件回调：closeButtonClikcDown
2020/06/02 16:24:01:192  控制层事件回调：CBPEventSliderValueChanged
2020/06/02 16:24:01:279  控制层事件回调：CBPEventSliderValueChanged
2020/06/02 16:54:43:907  控制层事件回调：COPOtherVoice
2020/06/02 16:54:44:117  控制层事件回调：COPOtherVoice
2020/06/02 16:54:44:317  控制层事件回调：COPOtherVoice
2020/06/02 16:54:45:414  控制层事件回调：COPOtherVoice
2020/06/02 16:56:15:231  控制层事件回调：COPOtherCloseWindow
2020/06/02 21:13:56:519  控制层事件回调：CBPEventFullScreen
2020/06/02 21:14:02:823  控制层事件回调：closeButtonClikcDown
2020/06/02 21:14:05:981  控制层事件回调：CBPEventSliderValueChanged
2020/06/02 21:14:06:077  控制层事件回调：CBPEventSliderValueChanged
2020/06/02 21:14:09:875  控制层事件回调：CBPEventSliderValueChanged
2020/06/02 21:14:09:967  控制层事件回调：CBPEventSliderValueChanged
2020/06/02 21:14:13:598  控制层事件回调：CBPEventSliderValueChanged
2020/06/02 21:14:13:694  控制层事件回调：CBPEventSliderValueChanged
2020/06/02 21:14:21:731  控制层事件回调：CBPEventSliderValueChanged
2020/06/02 21:14:21:866  控制层事件回调：CBPEventSliderValueChanged
2020/06/02 21:14:27:049  控制层事件回调：CBPEventSliderValueChanged
2020/06/02 21:14:27:185  控制层事件回调：CBPEventSliderValueChanged
2020/06/02 21:14:31:026  控制层事件回调：closeButtonClikcDown
2020/06/02 21:27:03:947  控制层事件回调：COPOtherVoice
2020/06/02 21:27:04:185  控制层事件回调：COPOtherVoice
2020/06/02 21:27:52:950  控制层事件回调：CBPEventBarrageStart
2020/06/02 21:44:43:515  控制层事件回调：COPOtherVoice
2020/06/02 21:44:43:797  控制层事件回调：COPOtherVoice
2020/06/02 22:06:32:378  控制层事件回调：CBPEventSliderValueChanged
2020/06/02 22:06:32:472  控制层事件回调：CBPEventSliderValueChanged
2020/06/02 22:06:33:080  控制层事件回调：CBPEventSliderValueChanged
2020/06/02 22:06:33:166  控制层事件回调：CBPEventSliderValueChanged
2020/06/02 22:06:33:747  控制层事件回调：CBPEventSliderValueChanged
2020/06/02 22:06:33:835  控制层事件回调：CBPEventSliderValueChanged
2020/06/02 22:06:34:628  控制层事件回调：CBPEventSliderValueChanged
2020/06/02 22:06:34:732  控制层事件回调：CBPEventSliderValueChanged
2020/06/02 22:07:36:356  控制层事件回调：COPOtherVoice
2020/06/02 22:07:37:400  控制层事件回调：COPOtherVoice
2020/06/02 22:07:38:063  控制层事件回调：COPOtherVoice
2020/06/02 22:07:39:013  控制层事件回调：COPOtherVoice
2020/06/02 22:24:18:375  控制层事件回调：closeButtonClikcDown
2020/06/02 22:24:25:255  控制层事件回调：closeButtonClikcDown
2020/06/02 22:26:29:705  控制层事件回调：COPOtherVoice
2020/06/02 22:26:29:935  控制层事件回调：COPOtherVoice
2020/06/02 22:26:38:042  控制层事件回调：COPOtherCloseWindow
2020/06/02 22:27:04:092  控制层事件回调：CBPEventFullScreen
2020/06/02 22:27:05:815  控制层事件回调：COPOtherVoice
2020/06/02 22:27:06:359  控制层事件回调：COPOtherVoice
2020/06/02 22:27:06:579  控制层事件回调：COPOtherVoice
2020/06/02 22:27:07:010  控制层事件回调：COPOtherVoice
2020/06/02 22:29:43:789  控制层事件回调：COPOtherVoice
2020/06/02 22:31:51:775  控制层事件回调：closeButtonClikcDown
2020/06/02 22:32:25:253  控制层事件回调：closeButtonClikcDown
2020/06/02 22:32:29:692  控制层事件回调：CBPEventSliderValueChanged
2020/06/02 22:32:29:803  控制层事件回调：CBPEventSliderValueChanged
2020/06/02 22:34:38:771  控制层事件回调：COPOtherVoice
2020/06/02 22:35:06:023  控制层事件回调：COPOtherVoice
2020/06/02 22:47:19:874  控制层事件回调：COPOtherVoice
2020/06/02 22:47:21:913  控制层事件回调：COPOtherVoice
2020/06/02 22:51:30:351  控制层事件回调：CBPEventSliderValueChanged
2020/06/02 22:51:30:585  控制层事件回调：CBPEventSliderValueChanged
2020/06/02 22:51:33:874  控制层事件回调：CBPEventSliderValueChanged
2020/06/02 22:51:34:091  控制层事件回调：CBPEventSliderValueChanged
2020/06/02 22:51:36:794  控制层事件回调：CBPEventSliderValueChanged
2020/06/02 22:51:36:978  控制层事件回调：CBPEventSliderValueChanged
2020/06/02 22:51:39:124  控制层事件回调：CBPEventSliderValueChanged
2020/06/02 22:51:39:253  控制层事件回调：CBPEventSliderValueChanged
2020/06/02 22:51:41:873  控制层事件回调：CBPEventSliderValueChanged
2020/06/02 22:51:42:066  控制层事件回调：CBPEventSliderValueChanged
2020/06/02 22:51:43:324  控制层事件回调：CBPEventSliderValueChanged
2020/06/02 22:51:43:436  控制层事件回调：CBPEventSliderValueChanged
2020/06/02 22:51:44:727  控制层事件回调：CBPEventSliderValueChanged
2020/06/02 22:51:44:886  控制层事件回调：CBPEventSliderValueChanged
2020/06/02 22:51:46:088  控制层事件回调：CBPEventSliderValueChanged
2020/06/02 22:51:46:249  控制层事件回调：CBPEventSliderValueChanged
2020/06/02 22:51:48:901  控制层事件回调：CBPEventSliderValueChanged
2020/06/02 22:51:49:046  控制层事件回调：CBPEventSliderValueChanged
2020/06/02 23:01:31:669  控制层事件回调：closeButtonClikcDown
2020/06/02 23:01:36:127  控制层事件回调：closeButtonClikcDown
2020/06/02 23:01:39:759  控制层事件回调：CBPEventSliderValueChanged
2020/06/02 23:01:39:886  控制层事件回调：CBPEventSliderValueChanged
2020/06/02 23:01:54:962  控制层事件回调：CBPEventSliderValueChanged
2020/06/02 23:01:55:090  控制层事件回调：CBPEventSliderValueChanged
2020/06/02 23:01:58:134  控制层事件回调：CBPEventSliderValueChanged
2020/06/02 23:01:58:286  控制层事件回调：CBPEventSliderValueChanged
2020/06/02 23:04:12:347  控制层事件回调：COPOtherVoice
2020/06/02 23:04:26:415  控制层事件回调：COPOtherVoice
2020/06/02 23:13:03:565  控制层事件回调：CBPEventSliderValueChanged
2020/06/02 23:13:03:669  控制层事件回调：CBPEventSliderValueChanged
2020/06/02 23:13:06:330  控制层事件回调：CBPEventSliderValueChanged
2020/06/02 23:13:06:458  控制层事件回调：CBPEventSliderValueChanged
2020/06/02 23:13:12:665  控制层事件回调：CBPEventSliderValueChanged
2020/06/02 23:13:12:851  控制层事件回调：CBPEventSliderValueChanged
2020/06/02 23:13:15:041  控制层事件回调：CBPEventSliderValueChanged
2020/06/02 23:13:15:100  控制层事件回调：CBPEventSliderValueChanged
2020/06/02 23:13:17:159  控制层事件回调：CBPEventSliderValueChanged
2020/06/02 23:13:17:294  控制层事件回调：CBPEventSliderValueChanged
2020/06/02 23:13:19:049  控制层事件回调：CBPEventSliderValueChanged
2020/06/02 23:13:19:219  控制层事件回调：CBPEventSliderValueChanged
2020/06/02 23:13:21:023  控制层事件回调：CBPEventSliderValueChanged
2020/06/02 23:13:21:143  控制层事件回调：CBPEventSliderValueChanged
2020/06/02 23:13:22:653  控制层事件回调：closeButtonClikcDown
2020/06/02 23:13:27:315  控制层事件回调：closeButtonClikcDown
2020/06/02 23:13:36:367  控制层事件回调：CBPEventSliderValueChanged
2020/06/02 23:13:36:471  控制层事件回调：CBPEventSliderValueChanged
2020/06/02 23:18:41:970  控制层事件回调：CBPEventSliderValueChanged
2020/06/02 23:18:42:064  控制层事件回调：CBPEventSliderValueChanged
2020/06/02 23:18:44:350  控制层事件回调：CBPEventSliderValueChanged
2020/06/02 23:18:44:461  控制层事件回调：CBPEventSliderValueChanged
2020/06/02 23:26:21:329  控制层事件回调：COPOtherVoice
2020/06/02 23:26:40:369  控制层事件回调：COPOtherVoice
2020/06/02 23:26:46:134  控制层事件回调：COPOtherVoice
2020/06/02 23:27:03:844  控制层事件回调：COPOtherVoice
2020/06/02 23:27:07:430  控制层事件回调：COPOtherVoice
2020/06/02 23:29:01:824  控制层事件回调：CBPEventSliderValueChanged
2020/06/02 23:29:02:036  控制层事件回调：CBPEventSliderValueChanged
2020/06/02 23:29:03:070  控制层事件回调：CBPEventSliderValueChanged
2020/06/02 23:29:03:190  控制层事件回调：CBPEventSliderValueChanged
2020/06/02 23:29:06:236  控制层事件回调：CBPEventSliderValueChanged
2020/06/02 23:29:06:329  控制层事件回调：CBPEventSliderValueChanged
2020/06/02 23:29:07:505  控制层事件回调：closeButtonClikcDown
2020/06/02 23:29:20:745  控制层事件回调：closeButtonClikcDown
2020/06/02 23:29:22:558  控制层事件回调：CBPEventSliderValueChanged
2020/06/02 23:29:22:710  控制层事件回调：CBPEventSliderValueChanged
2020/06/02 23:36:38:557  控制层事件回调：CBPEventSliderValueChanged
2020/06/02 23:36:38:660  控制层事件回调：CBPEventSliderValueChanged
2020/06/02 23:36:40:725  控制层事件回调：CBPEventSliderValueChanged
2020/06/02 23:36:40:844  控制层事件回调：CBPEventSliderValueChanged
2020/06/02 23:36:43:277  控制层事件回调：CBPEventSliderValueChanged
2020/06/02 23:36:43:381  控制层事件回调：CBPEventSliderValueChanged
2020/06/02 23:39:59:350  控制层事件回调：closeButtonClikcDown
2020/06/02 23:40:03:115  控制层事件回调：closeButtonClikcDown
2020/06/02 23:40:05:922  控制层事件回调：CBPEventSliderValueChanged
2020/06/02 23:40:06:092  控制层事件回调：CBPEventSliderValueChanged
2020/06/02 23:40:08:198  控制层事件回调：CBPEventSliderValueChanged
2020/06/02 23:40:08:285  控制层事件回调：CBPEventSliderValueChanged
2020/06/02 23:43:50:172  控制层事件回调：COPOtherVoice
2020/06/02 23:46:00:245  控制层事件回调：CBPEventSliderValueChanged
2020/06/02 23:46:00:356  控制层事件回调：CBPEventSliderValueChanged
2020/06/02 23:46:03:409  控制层事件回调：CBPEventSliderValueChanged
2020/06/02 23:46:03:536  控制层事件回调：CBPEventSliderValueChanged
2020/06/02 23:46:05:308  控制层事件回调：CBPEventSliderValueChanged
2020/06/02 23:46:05:469  控制层事件回调：CBPEventSliderValueChanged
2020/06/02 23:46:08:994  控制层事件回调：CBPEventSliderValueChanged
2020/06/02 23:46:09:155  控制层事件回调：CBPEventSliderValueChanged
2020/06/02 23:46:10:419  控制层事件回调：closeButtonClikcDown
2020/06/02 23:46:23:153  控制层事件回调：closeButtonClikcDown
2020/06/02 23:46:51:872  控制层事件回调：CBPEventSliderValueChanged
2020/06/02 23:46:51:976  控制层事件回调：CBPEventSliderValueChanged
2020/06/02 23:46:54:172  控制层事件回调：CBPEventSliderValueChanged
2020/06/02 23:46:54:284  控制层事件回调：CBPEventSliderValueChanged
2020/06/02 23:46:57:124  控制层事件回调：CBPEventSliderValueChanged
2020/06/02 23:46:57:275  控制层事件回调：CBPEventSliderValueChanged
2020/06/02 23:47:02:326  控制层事件回调：CBPEventSliderValueChanged
2020/06/02 23:47:02:485  控制层事件回调：CBPEventSliderValueChanged
2020/06/02 23:47:09:141  控制层事件回调：CBPEventSliderValueChanged
2020/06/02 23:47:09:260  控制层事件回调：CBPEventSliderValueChanged
2020/06/02 23:47:11:423  控制层事件回调：CBPEventSliderValueChanged
2020/06/02 23:47:11:576  控制层事件回调：CBPEventSliderValueChanged
2020/06/02 23:47:26:330  控制层事件回调：COPOtherVoice
2020/06/02 23:47:31:951  控制层事件回调：COPOtherVoice
2020/06/02 23:47:37:521  控制层事件回调：COPOtherVoice
2020/06/02 23:47:39:742  控制层事件回调：COPOtherVoice
2020/06/02 23:51:27:298  控制层事件回调：CBPEventSliderValueChanged
2020/06/02 23:51:27:409  控制层事件回调：CBPEventSliderValueChanged
2020/06/02 23:51:37:033  控制层事件回调：CBPEventSliderValueChanged
2020/06/02 23:51:37:136  控制层事件回调：CBPEventSliderValueChanged
2020/06/02 23:51:54:728  控制层事件回调：CBPEventSliderValueChanged
2020/06/02 23:51:54:864  控制层事件回调：CBPEventSliderValueChanged
2020/06/02 23:51:55:853  控制层事件回调：CBPEventSliderValueChanged
2020/06/02 23:51:55:972  控制层事件回调：CBPEventSliderValueChanged
2020/06/02 23:51:57:189  控制层事件回调：closeButtonClikcDown
2020/06/02 23:52:04:550  控制层事件回调：closeButtonClikcDown
2020/06/02 23:52:26:664  控制层事件回调：CBPEventSliderValueChanged
2020/06/02 23:52:26:792  控制层事件回调：CBPEventSliderValueChanged
2020/06/02 23:52:30:080  控制层事件回调：CBPEventSliderValueChanged
2020/06/02 23:52:30:176  控制层事件回调：CBPEventSliderValueChanged
2020/06/02 23:52:52:874  控制层事件回调：CBPEventSliderValueChanged
2020/06/02 23:52:52:993  控制层事件回调：CBPEventSliderValueChanged
2020/06/02 23:52:55:392  控制层事件回调：CBPEventSliderValueChanged
2020/06/02 23:52:55:505  控制层事件回调：CBPEventSliderValueChanged
2020/06/02 23:52:59:068  控制层事件回调：CBPEventSliderValueChanged
2020/06/02 23:52:59:196  控制层事件回调：CBPEventSliderValueChanged
2020/06/02 23:53:01:009  控制层事件回调：CBPEventSliderValueChanged
2020/06/02 23:53:01:193  控制层事件回调：CBPEventSliderValueChanged
2020/06/02 23:53:03:878  控制层事件回调：CBPEventSliderValueChanged
2020/06/02 23:53:03:982  控制层事件回调：CBPEventSliderValueChanged
2020/06/02 23:53:05:240  控制层事件回调：CBPEventSliderValueChanged
2020/06/02 23:53:05:375  控制层事件回调：CBPEventSliderValueChanged
2020/06/02 23:53:18:399  控制层事件回调：CBPEventSliderValueChanged
2020/06/02 23:53:18:519  控制层事件回调：CBPEventSliderValueChanged
2020/06/02 23:53:19:280  控制层事件回调：CBPEventSliderValueChanged
2020/06/02 23:53:19:384  控制层事件回调：CBPEventSliderValueChanged
2020/06/02 23:53:22:159  控制层事件回调：CBPEventSliderValueChanged
2020/06/02 23:53:22:376  控制层事件回调：CBPEventSliderValueChanged
2020/06/02 23:53:24:075  控制层事件回调：CBPEventSliderValueChanged
2020/06/02 23:53:24:210  控制层事件回调：CBPEventSliderValueChanged
2020/06/02 23:53:26:210  控制层事件回调：CBPEventSliderValueChanged
2020/06/02 23:53:26:346  控制层事件回调：CBPEventSliderValueChanged
2020/06/02 23:53:59:591  控制层事件回调：CBPEventSliderValueChanged
2020/06/02 23:53:59:676  控制层事件回调：CBPEventSliderValueChanged
2020/06/02 23:54:01:040  控制层事件回调：CBPEventSliderValueChanged
2020/06/02 23:54:01:168  控制层事件回调：CBPEventSliderValueChanged
2020/06/02 23:54:01:816  控制层事件回调：CBPEventSliderValueChanged
2020/06/02 23:54:01:951  控制层事件回调：CBPEventSliderValueChanged
2020/06/02 23:54:07:143  控制层事件回调：CBPEventSliderValueChanged
2020/06/02 23:54:07:280  控制层事件回调：CBPEventSliderValueChanged
2020/06/02 23:54:08:840  控制层事件回调：CBPEventSliderValueChanged
2020/06/02 23:54:08:959  控制层事件回调：CBPEventSliderValueChanged
2020/06/02 23:54:11:352  控制层事件回调：CBPEventSliderValueChanged
2020/06/02 23:54:11:487  控制层事件回调：CBPEventSliderValueChanged
2020/06/02 23:54:13:854  控制层事件回调：CBPEventSliderValueChanged
2020/06/02 23:54:13:990  控制层事件回调：CBPEventSliderValueChanged
2020/06/02 23:57:47:929  控制层事件回调：closeButtonClikcDown
2020/06/02 23:57:57:997  控制层事件回调：closeButtonClikcDown
2020/06/02 23:58:01:955  控制层事件回调：CBPEventSliderValueChanged
2020/06/02 23:58:02:124  控制层事件回调：CBPEventSliderValueChanged
2020/06/02 23:58:04:009  控制层事件回调：CBPEventSliderValueChanged
2020/06/02 23:58:04:227  控制层事件回调：CBPEventSliderValueChanged
2020/06/02 23:58:06:879  控制层事件回调：CBPEventSliderValueChanged
2020/06/02 23:58:07:007  控制层事件回调：CBPEventSliderValueChanged
2020/06/02 23:58:12:732  控制层事件回调：CBPEventSliderValueChanged
2020/06/02 23:58:12:934  控制层事件回调：CBPEventSliderValueChanged
2020/06/02 23:58:14:770  控制层事件回调：CBPEventSliderValueChanged
2020/06/02 23:58:14:850  控制层事件回调：CBPEventSliderValueChanged
2020/06/02 23:58:16:975  控制层事件回调：CBPEventSliderValueChanged
2020/06/02 23:58:17:124  控制层事件回调：CBPEventSliderValueChanged
2020/06/02 23:58:20:234  控制层事件回调：CBPEventSliderValueChanged
2020/06/02 23:58:20:394  控制层事件回调：CBPEventSliderValueChanged
2020/06/03 00:03:19:980  控制层事件回调：COPOtherVoice
2020/06/03 00:03:22:280  控制层事件回调：COPOtherVoice
2020/06/03 00:06:00:572  控制层事件回调：COPOtherVoice
2020/06/03 00:06:02:211  控制层事件回调：COPOtherVoice
2020/06/03 00:08:13:878  控制层事件回调：closeButtonClikcDown
2020/06/03 00:08:22:144  控制层事件回调：closeButtonClikcDown
2020/06/03 00:08:33:356  控制层事件回调：COPOtherCloseWindow
2020/06/03 00:08:55:697  控制层事件回调：COPOtherVoice
2020/06/03 00:08:55:733  控制层事件回调：COPOtherVoice
2020/06/03 00:08:55:746  控制层事件回调：COPOtherVoice
2020/06/03 00:08:55:759  控制层事件回调：COPOtherVoice
2020/06/03 00:08:55:762  控制层事件回调：COPOtherVoice
2020/06/03 00:08:55:770  控制层事件回调：COPOtherVoice
2020/06/03 00:08:55:778  控制层事件回调：COPOtherVoice
2020/06/03 00:08:55:787  控制层事件回调：COPOtherVoice
2020/06/03 00:08:55:794  控制层事件回调：COPOtherVoice
2020/06/03 00:08:55:803  控制层事件回调：COPOtherVoice
2020/06/03 00:08:55:811  控制层事件回调：COPOtherVoice
2020/06/03 00:08:55:820  控制层事件回调：COPOtherVoice
2020/06/03 00:08:55:827  控制层事件回调：COPOtherVoice
2020/06/03 00:08:55:836  控制层事件回调：COPOtherVoice
2020/06/03 00:08:55:845  控制层事件回调：COPOtherVoice
2020/06/03 00:08:55:852  控制层事件回调：COPOtherVoice
2020/06/03 00:08:55:860  控制层事件回调：COPOtherVoice
2020/06/03 00:08:55:892  控制层事件回调：COPOtherVoice
2020/06/03 00:08:55:933  控制层事件回调：COPOtherVoice
2020/06/03 00:09:01:397  控制层事件回调：CBPEventSliderValueChanged
2020/06/03 00:09:01:525  控制层事件回调：CBPEventSliderValueChanged
2020/06/03 00:09:37:047  控制层事件回调：CBPEventSliderValueChanged
2020/06/03 00:09:37:213  控制层事件回调：CBPEventSliderValueChanged
2020/06/03 00:09:46:164  控制层事件回调：CBPEventSliderValueChanged
2020/06/03 00:09:46:361  控制层事件回调：CBPEventSliderValueChanged
2020/06/03 00:09:53:947  控制层事件回调：CBPEventSliderValueChanged
2020/06/03 00:09:54:186  控制层事件回调：CBPEventSliderValueChanged
2020/06/03 00:10:03:301  控制层事件回调：CBPEventSliderValueChanged
2020/06/03 00:10:03:503  控制层事件回调：CBPEventSliderValueChanged
2020/06/03 00:10:22:237  控制层事件回调：CBPEventSliderValueChanged
2020/06/03 00:10:22:454  控制层事件回调：CBPEventSliderValueChanged
2020/06/03 00:11:57:681  控制层事件回调：CBPEventSliderValueChanged
2020/06/03 00:11:57:797  控制层事件回调：CBPEventSliderValueChanged
2020/06/03 00:12:01:435  控制层事件回调：CBPEventSliderValueChanged
2020/06/03 00:12:01:604  控制层事件回调：CBPEventSliderValueChanged
2020/06/03 00:12:08:749  控制层事件回调：CBPEventSliderValueChanged
2020/06/03 00:12:08:869  控制层事件回调：CBPEventSliderValueChanged
2020/06/03 00:12:14:025  控制层事件回调：CBPEventSliderValueChanged
2020/06/03 00:12:14:218  控制层事件回调：CBPEventSliderValueChanged
2020/06/03 00:13:20:491  控制层事件回调：COPOtherVoice
2020/06/03 00:24:36:356  控制层事件回调：CBPEventResumePlay
2020/06/03 00:24:36:587  控制层事件回调：COPOtherCloseWindow
2020/06/03 10:38:08:638  [HLSP2P] [INFO][0] http[888] close
2020/06/03 10:38:18:659  [HLSP2P] [INFO][0] report thread exit !!!
2020/06/03 10:38:18:660  [HLSP2P] [INFO][0] DnsThread exit !!!
